<?xml version="1.0" encoding="UTF-8"?>
<!-- Generated by org.testng.reporters.JUnitReportReporter -->
<testsuite hostname="MMLDVVIRAJU" failures="0" tests="6" name="testspec.LoginTest" time="11.725" errors="0" timestamp="2023-12-01T00:13:41 IST" skipped="0">
  <testcase classname="testspec.LoginTest" name="verify_user_signin_with_invalid_username_and_password" time="1.369"/>
  <system-out/>
  <testcase classname="testspec.LoginTest" name="verify_user_signin_with_invalid_username_and_password" time="1.704"/>
  <system-out/>
  <testcase classname="testspec.LoginTest" name="verify_user_signin_with_invalid_username_and_password" time="2.872"/>
  <system-out/>
  <testcase classname="testspec.LoginTest" name="verify_user_signin_with_invalid_username_and_password" time="2.008"/>
  <system-out/>
  <testcase classname="testspec.LoginTest" name="verify_user_signin_with_invalid_username_and_password" time="2.126"/>
  <system-out/>
  <testcase classname="testspec.LoginTest" name="verify_user_signin_with_invalid_username_and_password" time="1.646"/>
  <system-out/>
</testsuite> <!-- testspec.LoginTest -->
