<?xml version="1.0" encoding="UTF-8"?>
<!-- Generated by org.testng.reporters.JUnitReportReporter -->
<testsuite hostname="MMLDVVIRAJU" failures="0" tests="1" name="testspec.ProfileTest" time="3.070" errors="0" timestamp="2023-12-01T22:43:49 IST" skipped="0">
  <testcase classname="testspec.ProfileTest" name="verify_functional_buttons_are_displayed" time="3.070"/>
  <system-out/>
</testsuite> <!-- testspec.ProfileTest -->
