<?xml version="1.0" encoding="UTF-8"?>
<!-- Generated by org.testng.reporters.JUnitReportReporter -->
<testsuite hostname="DESKTOP-A5VV87D" failures="0" tests="2" name="testspec.ProfileTest" time="12.027" errors="0" timestamp="2023-12-12T23:56:14 IST" skipped="0">
  <testcase classname="testspec.ProfileTest" name="verify_book_is_added_to_collection" time="8.797"/>
  <system-out/>
  <testcase classname="testspec.ProfileTest" name="verify_functional_buttons_are_displayed" time="3.230"/>
  <system-out/>
</testsuite> <!-- testspec.ProfileTest -->
