<?xml version="1.0" encoding="UTF-8"?>
<!-- Generated by org.testng.reporters.JUnitReportReporter -->
<testsuite hostname="DESKTOP-A5VV87D" failures="0" tests="2" name="testspec.ProfileTest" time="9.016" errors="0" timestamp="2023-12-15T17:28:54 IST" skipped="0">
  <testcase classname="testspec.ProfileTest" name="verify_book_is_added_to_collection" time="5.886"/>
  <system-out/>
  <testcase classname="testspec.ProfileTest" name="verify_functional_buttons_are_displayed" time="3.130"/>
  <system-out/>
</testsuite> <!-- testspec.ProfileTest -->
